<?xml version="1.0" encoding="UTF-8"?>
<!-- Generated by org.testng.reporters.JUnitXMLReporter -->
<testsuite ignored="0" hostname="MohamedReda" failures="0" tests="10" name="Command line test" time="5.924" errors="0" timestamp="2023-01-14T15:46:13 EET">
  <testcase classname="TestArchiveList" name="archiveList" time="1.711"/>
  <testcase classname="TestCreateBoard" name="createBoard" time="0.616"/>
  <testcase classname="TestCreateList" name="createList" time="0.466"/>
  <testcase classname="TestCreateOrganization" name="createOrganization" time="0.606"/>
  <testcase classname="TestDeleteBoard" name="deleteBoard" time="0.499"/>
  <testcase classname="TestDeleteOrganization" name="deleteOrganization" time="0.001"/>
  <testcase classname="TestGetBoards" name="getBoards" time="0.001"/>
  <testcase classname="TestGetLists" name="getLists" time="0.416"/>
  <testcase classname="TestGetOrganizations" name="getOrganizations" time="0.494"/>
  <testcase classname="TestGetUser" name="getUSer" time="1.025"/>
</testsuite> <!-- Command line test -->
